
Showing logs for build [32mcb-kubecd-environment-pr-187-69-hnp6v-1[0m stage [32mfrom-build-pack[0m and container [32mstep-credential-initializer-5lndp[0m
{"level":"warn","ts":1584884025.781164,"logger":"fallback-logger","caller":"logging/config.go:69","msg":"Fetch GitHub commit ID from kodata failed: \"ref: refs/heads/0.8.0-**-support-backwards-incompats\" is not a valid GitHub commit ID"}
{"level":"info","ts":1584884025.7826018,"logger":"fallback-logger","caller":"creds-init/main.go:40","msg":"Credentials initialized."}

Showing logs for build [32mcb-kubecd-environment-pr-187-69-hnp6v-1[0m stage [32mfrom-build-pack[0m and container [32mstep-working-dir-initializer-8t76g[0m
{"level":"warn","ts":1584884027.3337905,"logger":"fallback-logger","caller":"logging/config.go:69","msg":"Fetch GitHub commit ID from kodata failed: open /var/run/ko/HEAD: no such file or directory"}
{"level":"info","ts":1584884027.3351846,"logger":"fallback-logger","caller":"bash/main.go:64","msg":"Successfully executed command \"sh -c mkdir -p /workspace/source\"; output "}

Showing logs for build [32mcb-kubecd-environment-pr-187-69-hnp6v-1[0m stage [32mfrom-build-pack[0m and container [32mstep-place-tools[0m

Showing logs for build [32mcb-kubecd-environment-pr-187-69-hnp6v-1[0m stage [32mfrom-build-pack[0m and container [32mstep-git-source-cb-kubecd-environment-pr-187-69-hnp6v-d9v9w[0m
{"level":"warn","ts":1584884032.718845,"logger":"fallback-logger","caller":"logging/config.go:69","msg":"Fetch GitHub commit ID from kodata failed: \"ref: refs/heads/0.8.0-**-support-backwards-incompats\" is not a valid GitHub commit ID"}
{"level":"info","ts":1584884033.789629,"logger":"fallback-logger","caller":"git/git.go:103","msg":"Successfully cloned https://github.com/cb-kubecd/environment-pr-187-69-boot-gke-staging.git @ master in path /workspace/source"}

Showing logs for build [32mcb-kubecd-environment-pr-187-69-hnp6v-1[0m stage [32mfrom-build-pack[0m and container [32mstep-git-merge[0m
Using SHAs from PULL_REFS=master:6299c51579a8a0ba1d95901198b8ee1d61c7b529,7:eec70fb5f8dcb6c9116636c467fc9e74cfd6c446
DEBUG: LC_ALL=C JX_LOG_LEVEL=error git fetch origin --unshallow eec70fb5f8dcb6c9116636c467fc9e74cfd6c446: 6299c51579a8a0ba1d95901198b8ee1d61c7b529:
DEBUG: ran git fetch --unshallow origin eec70fb5f8dcb6c9116636c467fc9e74cfd6c446: 6299c51579a8a0ba1d95901198b8ee1d61c7b529: in 
DEBUG: JX_LOG_LEVEL=error LC_ALL=C git branch
DEBUG: LC_ALL=C JX_LOG_LEVEL=error git checkout master
DEBUG: ran git checkout master in 
DEBUG: LC_ALL=C JX_LOG_LEVEL=error git reset --hard 6299c51579a8a0ba1d95901198b8ee1d61c7b529
DEBUG: ran git reset --hard 6299c51579a8a0ba1d95901198b8ee1d61c7b529 in 
DEBUG: LC_ALL=C JX_LOG_LEVEL=error git clean -fd .
DEBUG: ran clean --force -d . in 
DEBUG: LC_ALL=C JX_LOG_LEVEL=error git merge eec70fb5f8dcb6c9116636c467fc9e74cfd6c446
DEBUG: ran git merge eec70fb5f8dcb6c9116636c467fc9e74cfd6c446 in 
DEBUG: LC_ALL=C JX_LOG_LEVEL=error git log --format=%H%x1f%an%x1f%ae%x1f%cn%x1f%ce%x1f%s%n%b%x1e 6299c51579a8a0ba1d95901198b8ee1d61c7b529..HEAD
Merged SHA eec70fb5f8dcb6c9116636c467fc9e74cfd6c446 with commit message 'chore: Promote bdd-sbrp-import-1584882944 to version 0.0.1' into base branch master

Showing logs for build [32mcb-kubecd-environment-pr-187-69-hnp6v-1[0m stage [32mfrom-build-pack[0m and container [32mstep-build-helm-build[0m
WARNING: No $CHART_REPOSITORY defined so using the default value of: http://jenkins-x-chartmuseum:8080
Adding missing Helm repo: storage.googleapis.com https://storage.googleapis.com/chartmuseum.jenkins-x.io
WARNING: No secrets found on "helm/repos" due: reading the secret "helm/repos" from vault: no secret "helm/repos" not found in vault
Read credentials for https://storage.googleapis.com/chartmuseum.jenkins-x.io from vault helm/repos
Successfully added Helm repository storage.googleapis.com.
Adding missing Helm repo: jenkins-x-chartmuseum http://jenkins-x-chartmuseum:8080
WARNING: No secrets found on "helm/repos" due: reading the secret "helm/repos" from vault: no secret "helm/repos" not found in vault
Read credentials for http://jenkins-x-chartmuseum:8080 from vault helm/repos
Successfully added Helm repository jenkins-x-chartmuseum.
WARNING: No $CHART_REPOSITORY defined so using the default value of: http://jenkins-x-chartmuseum:8080
Adding missing Helm repo: chartmuseum.jenkins-x.io http://chartmuseum.jenkins-x.io
WARNING: No secrets found on "helm/repos" due: reading the secret "helm/repos" from vault: no secret "helm/repos" not found in vault
Read credentials for http://chartmuseum.jenkins-x.io from vault helm/repos
Successfully added Helm repository chartmuseum.jenkins-x.io.
