
Showing logs for build [32mcb-kubecd-environment-pr-187-69-6nz6h-1[0m stage [32mfrom-build-pack[0m and container [32mstep-credential-initializer-gcxzm[0m
{"level":"warn","ts":1584881206.9749887,"logger":"fallback-logger","caller":"logging/config.go:69","msg":"Fetch GitHub commit ID from kodata failed: \"ref: refs/heads/0.8.0-**-support-backwards-incompats\" is not a valid GitHub commit ID"}
{"level":"info","ts":1584881206.9754956,"logger":"fallback-logger","caller":"creds-init/main.go:40","msg":"Credentials initialized."}

Showing logs for build [32mcb-kubecd-environment-pr-187-69-6nz6h-1[0m stage [32mfrom-build-pack[0m and container [32mstep-working-dir-initializer-qrz47[0m
{"level":"warn","ts":1584881208.107118,"logger":"fallback-logger","caller":"logging/config.go:69","msg":"Fetch GitHub commit ID from kodata failed: open /var/run/ko/HEAD: no such file or directory"}
{"level":"info","ts":1584881208.1157136,"logger":"fallback-logger","caller":"bash/main.go:64","msg":"Successfully executed command \"sh -c mkdir -p /workspace/source\"; output "}

Showing logs for build [32mcb-kubecd-environment-pr-187-69-6nz6h-1[0m stage [32mfrom-build-pack[0m and container [32mstep-place-tools[0m

Showing logs for build [32mcb-kubecd-environment-pr-187-69-6nz6h-1[0m stage [32mfrom-build-pack[0m and container [32mstep-git-source-cb-kubecd-environment-pr-187-69-6nz6h-ld2ps[0m
{"level":"warn","ts":1584881212.2007208,"logger":"fallback-logger","caller":"logging/config.go:69","msg":"Fetch GitHub commit ID from kodata failed: \"ref: refs/heads/0.8.0-**-support-backwards-incompats\" is not a valid GitHub commit ID"}
{"level":"info","ts":1584881213.3009815,"logger":"fallback-logger","caller":"git/git.go:103","msg":"Successfully cloned https://github.com/cb-kubecd/environment-pr-187-69-boot-gke-staging.git @ master in path /workspace/source"}

Showing logs for build [32mcb-kubecd-environment-pr-187-69-6nz6h-1[0m stage [32mfrom-build-pack[0m and container [32mstep-git-merge[0m
Using SHAs from PULL_REFS=master:a9cf7406e66c5ae62aababc47dab9fdbf76456e0,2:772fdb422c83a918ec32df798c3e19a287faee65
DEBUG: JX_LOG_LEVEL=error LC_ALL=C git fetch origin --unshallow 772fdb422c83a918ec32df798c3e19a287faee65: a9cf7406e66c5ae62aababc47dab9fdbf76456e0:
DEBUG: ran git fetch --unshallow origin 772fdb422c83a918ec32df798c3e19a287faee65: a9cf7406e66c5ae62aababc47dab9fdbf76456e0: in 
DEBUG: JX_LOG_LEVEL=error LC_ALL=C git branch
DEBUG: JX_LOG_LEVEL=error LC_ALL=C git checkout master
DEBUG: ran git checkout master in 
DEBUG: LC_ALL=C JX_LOG_LEVEL=error git reset --hard a9cf7406e66c5ae62aababc47dab9fdbf76456e0
DEBUG: ran git reset --hard a9cf7406e66c5ae62aababc47dab9fdbf76456e0 in 
DEBUG: LC_ALL=C JX_LOG_LEVEL=error git clean -fd .
DEBUG: ran clean --force -d . in 
DEBUG: LC_ALL=C JX_LOG_LEVEL=error git merge 772fdb422c83a918ec32df798c3e19a287faee65
DEBUG: ran git merge 772fdb422c83a918ec32df798c3e19a287faee65 in 
DEBUG: LC_ALL=C JX_LOG_LEVEL=error git log --format=%H%x1f%an%x1f%ae%x1f%cn%x1f%ce%x1f%s%n%b%x1e a9cf7406e66c5ae62aababc47dab9fdbf76456e0..HEAD
Merged SHA 772fdb422c83a918ec32df798c3e19a287faee65 with commit message 'chore: Promote bdd-sbhg-1584880857 to version 0.0.1' into base branch master

Showing logs for build [32mcb-kubecd-environment-pr-187-69-6nz6h-1[0m stage [32mfrom-build-pack[0m and container [32mstep-build-helm-build[0m
WARNING: No $CHART_REPOSITORY defined so using the default value of: http://jenkins-x-chartmuseum:8080
Adding missing Helm repo: storage.googleapis.com https://storage.googleapis.com/chartmuseum.jenkins-x.io
WARNING: No secrets found on "helm/repos" due: reading the secret "helm/repos" from vault: no secret "helm/repos" not found in vault
Read credentials for https://storage.googleapis.com/chartmuseum.jenkins-x.io from vault helm/repos
Successfully added Helm repository storage.googleapis.com.
Adding missing Helm repo: jenkins-x-chartmuseum http://jenkins-x-chartmuseum:8080
WARNING: No secrets found on "helm/repos" due: reading the secret "helm/repos" from vault: no secret "helm/repos" not found in vault
Read credentials for http://jenkins-x-chartmuseum:8080 from vault helm/repos
Successfully added Helm repository jenkins-x-chartmuseum.
WARNING: No $CHART_REPOSITORY defined so using the default value of: http://jenkins-x-chartmuseum:8080
Adding missing Helm repo: chartmuseum.jenkins-x.io http://chartmuseum.jenkins-x.io
WARNING: No secrets found on "helm/repos" due: reading the secret "helm/repos" from vault: no secret "helm/repos" not found in vault
Read credentials for http://chartmuseum.jenkins-x.io from vault helm/repos
Successfully added Helm repository chartmuseum.jenkins-x.io.
