
Showing logs for build [32mcb-kubecd-environment-pr-187-69-7vn6x-1[0m stage [32mfrom-build-pack[0m and container [32mstep-credential-initializer-fpzpl[0m
{"level":"warn","ts":1584882514.4009027,"logger":"fallback-logger","caller":"logging/config.go:69","msg":"Fetch GitHub commit ID from kodata failed: \"ref: refs/heads/0.8.0-**-support-backwards-incompats\" is not a valid GitHub commit ID"}
{"level":"info","ts":1584882514.4015706,"logger":"fallback-logger","caller":"creds-init/main.go:40","msg":"Credentials initialized."}

Showing logs for build [32mcb-kubecd-environment-pr-187-69-7vn6x-1[0m stage [32mfrom-build-pack[0m and container [32mstep-working-dir-initializer-blx4v[0m
{"level":"warn","ts":1584882515.3038173,"logger":"fallback-logger","caller":"logging/config.go:69","msg":"Fetch GitHub commit ID from kodata failed: open /var/run/ko/HEAD: no such file or directory"}
{"level":"info","ts":1584882515.3096027,"logger":"fallback-logger","caller":"bash/main.go:64","msg":"Successfully executed command \"sh -c mkdir -p /workspace/source\"; output "}

Showing logs for build [32mcb-kubecd-environment-pr-187-69-7vn6x-1[0m stage [32mfrom-build-pack[0m and container [32mstep-place-tools[0m

Showing logs for build [32mcb-kubecd-environment-pr-187-69-7vn6x-1[0m stage [32mfrom-build-pack[0m and container [32mstep-git-source-cb-kubecd-environment-pr-187-69-7vn6x-xb6jt[0m
{"level":"warn","ts":1584882521.5153303,"logger":"fallback-logger","caller":"logging/config.go:69","msg":"Fetch GitHub commit ID from kodata failed: \"ref: refs/heads/0.8.0-**-support-backwards-incompats\" is not a valid GitHub commit ID"}
{"level":"info","ts":1584882522.5488417,"logger":"fallback-logger","caller":"git/git.go:103","msg":"Successfully cloned https://github.com/cb-kubecd/environment-pr-187-69-boot-gke-staging.git @ master in path /workspace/source"}

Showing logs for build [32mcb-kubecd-environment-pr-187-69-7vn6x-1[0m stage [32mfrom-build-pack[0m and container [32mstep-git-merge[0m
Using SHAs from PULL_REFS=master:948b70ce4f03e09a90cc22783ac34c0f47c71d71,4:ff011d5da109c973e7ad7cdb3395a568acc7611c
DEBUG: JX_LOG_LEVEL=error LC_ALL=C git fetch origin --unshallow ff011d5da109c973e7ad7cdb3395a568acc7611c: 948b70ce4f03e09a90cc22783ac34c0f47c71d71:
DEBUG: ran git fetch --unshallow origin ff011d5da109c973e7ad7cdb3395a568acc7611c: 948b70ce4f03e09a90cc22783ac34c0f47c71d71: in 
DEBUG: LC_ALL=C JX_LOG_LEVEL=error git branch
DEBUG: JX_LOG_LEVEL=error LC_ALL=C git checkout master
DEBUG: ran git checkout master in 
DEBUG: LC_ALL=C JX_LOG_LEVEL=error git reset --hard 948b70ce4f03e09a90cc22783ac34c0f47c71d71
DEBUG: ran git reset --hard 948b70ce4f03e09a90cc22783ac34c0f47c71d71 in 
DEBUG: LC_ALL=C JX_LOG_LEVEL=error git clean -fd .
DEBUG: ran clean --force -d . in 
DEBUG: LC_ALL=C JX_LOG_LEVEL=error git merge ff011d5da109c973e7ad7cdb3395a568acc7611c
DEBUG: ran git merge ff011d5da109c973e7ad7cdb3395a568acc7611c in 
DEBUG: LC_ALL=C JX_LOG_LEVEL=error git log --format=%H%x1f%an%x1f%ae%x1f%cn%x1f%ce%x1f%s%n%b%x1e 948b70ce4f03e09a90cc22783ac34c0f47c71d71..HEAD
Merged SHA ff011d5da109c973e7ad7cdb3395a568acc7611c with commit message 'chore: Promote bdd-gh-1584880857 to version 0.0.1' into base branch master

Showing logs for build [32mcb-kubecd-environment-pr-187-69-7vn6x-1[0m stage [32mfrom-build-pack[0m and container [32mstep-build-helm-build[0m
WARNING: No $CHART_REPOSITORY defined so using the default value of: http://jenkins-x-chartmuseum:8080
Adding missing Helm repo: storage.googleapis.com https://storage.googleapis.com/chartmuseum.jenkins-x.io
WARNING: No secrets found on "helm/repos" due: reading the secret "helm/repos" from vault: no secret "helm/repos" not found in vault
Read credentials for https://storage.googleapis.com/chartmuseum.jenkins-x.io from vault helm/repos
Successfully added Helm repository storage.googleapis.com.
Adding missing Helm repo: jenkins-x-chartmuseum http://jenkins-x-chartmuseum:8080
WARNING: No secrets found on "helm/repos" due: reading the secret "helm/repos" from vault: no secret "helm/repos" not found in vault
Read credentials for http://jenkins-x-chartmuseum:8080 from vault helm/repos
Successfully added Helm repository jenkins-x-chartmuseum.
WARNING: No $CHART_REPOSITORY defined so using the default value of: http://jenkins-x-chartmuseum:8080
Adding missing Helm repo: chartmuseum.jenkins-x.io http://chartmuseum.jenkins-x.io
WARNING: No secrets found on "helm/repos" due: reading the secret "helm/repos" from vault: no secret "helm/repos" not found in vault
Read credentials for http://chartmuseum.jenkins-x.io from vault helm/repos
Successfully added Helm repository chartmuseum.jenkins-x.io.
